<?xml version="1.0" encoding="UTF-8"?>
<!-- Generated by org.testng.reporters.JUnitReportReporter -->
<testsuite hostname="LAPTOP-QOP0GS97" failures="0" tests="2" name="wait.WaitTests" time="11.687" errors="0" timestamp="2024-07-27T23:13:36 IST" skipped="0">
  <testcase classname="wait.WaitTests" name="testWaitUntilHidden" time="5.675"/>
  <testcase classname="wait.WaitTests" name="testWaitUntilVisible" time="6.012">
    <system-out>
      <![CDATA[going back to home page]]>
    </system-out>
  </testcase> <!-- testWaitUntilVisible -->
  <system-out>
    <![CDATA[launching internet herokuapp website
tearDown method - chromedriver shutdown
launching internet herokuapp website
tearDown method - chromedriver shutdown
launching internet herokuapp website
tearDown method - chromedriver shutdown
launching internet herokuapp website
tearDown method - chromedriver shutdown
launching internet herokuapp website
tearDown method - chromedriver shutdown
launching internet herokuapp website
tearDown method - chromedriver shutdown
launching internet herokuapp website
tearDown method - chromedriver shutdown
launching internet herokuapp website
tearDown method - chromedriver shutdown
launching internet herokuapp website
tearDown method - chromedriver shutdown
launching internet herokuapp website
going back to home page
tearDown method - chromedriver shutdown]]>
  </system-out>
</testsuite> <!-- wait.WaitTests -->
