<?xml version="1.0" encoding="UTF-8"?>
<!-- Generated by org.testng.reporters.JUnitReportReporter -->
<testsuite hostname="LAPTOP-QOP0GS97" failures="0" tests="3" name="alerts.AlertTests" time="0.469" errors="0" timestamp="2024-07-27T23:13:36 IST" skipped="0">
  <testcase classname="alerts.AlertTests" name="testAcceptAlert" time="0.375"/>
  <testcase classname="alerts.AlertTests" name="testSetInputInAlert" time="0.051"/>
  <testcase classname="alerts.AlertTests" name="testGetTextFromAlert" time="0.043"/>
  <system-out>
    <![CDATA[launching internet herokuapp website
tearDown method - chromedriver shutdown
launching internet herokuapp website
tearDown method - chromedriver shutdown
launching internet herokuapp website
tearDown method - chromedriver shutdown
launching internet herokuapp website
tearDown method - chromedriver shutdown
launching internet herokuapp website
tearDown method - chromedriver shutdown
launching internet herokuapp website
tearDown method - chromedriver shutdown
launching internet herokuapp website
tearDown method - chromedriver shutdown
launching internet herokuapp website
tearDown method - chromedriver shutdown
launching internet herokuapp website
tearDown method - chromedriver shutdown
launching internet herokuapp website
going back to home page
tearDown method - chromedriver shutdown]]>
  </system-out>
</testsuite> <!-- alerts.AlertTests -->
