<?xml version="1.0" encoding="UTF-8"?>
<!-- Generated by org.testng.reporters.JUnitReportReporter -->
<testsuite hostname="LAPTOP-QOP0GS97" failures="0" tests="1" name="frames.FrameTests" time="5.144" errors="0" timestamp="2024-07-27T23:13:36 IST" skipped="0">
  <testcase classname="frames.FrameTests" name="testFrameText" time="5.144"/>
  <system-out>
    <![CDATA[launching internet herokuapp website
tearDown method - chromedriver shutdown
launching internet herokuapp website
tearDown method - chromedriver shutdown
launching internet herokuapp website
tearDown method - chromedriver shutdown
launching internet herokuapp website
tearDown method - chromedriver shutdown
launching internet herokuapp website
tearDown method - chromedriver shutdown
launching internet herokuapp website
tearDown method - chromedriver shutdown
launching internet herokuapp website
tearDown method - chromedriver shutdown
launching internet herokuapp website
tearDown method - chromedriver shutdown
launching internet herokuapp website
tearDown method - chromedriver shutdown
launching internet herokuapp website
going back to home page
tearDown method - chromedriver shutdown]]>
  </system-out>
</testsuite> <!-- frames.FrameTests -->
