<?xml version="1.0" encoding="UTF-8"?>
<!-- Generated by org.testng.reporters.JUnitReportReporter -->
<testsuite hostname="LAPTOP-QOP0GS97" failures="0" tests="2" name="keyPresses.KeyTests" time="0.560" errors="0" timestamp="2024-07-27T23:13:36 IST" skipped="0">
  <testcase classname="keyPresses.KeyTests" name="keyTest" time="0.367"/>
  <testcase classname="keyPresses.KeyTests" name="testPi" time="0.193"/>
  <system-out>
    <![CDATA[launching internet herokuapp website
tearDown method - chromedriver shutdown
launching internet herokuapp website
tearDown method - chromedriver shutdown
launching internet herokuapp website
tearDown method - chromedriver shutdown
launching internet herokuapp website
tearDown method - chromedriver shutdown
launching internet herokuapp website
tearDown method - chromedriver shutdown
launching internet herokuapp website
tearDown method - chromedriver shutdown
launching internet herokuapp website
tearDown method - chromedriver shutdown
launching internet herokuapp website
tearDown method - chromedriver shutdown
launching internet herokuapp website
tearDown method - chromedriver shutdown
launching internet herokuapp website
going back to home page
tearDown method - chromedriver shutdown]]>
  </system-out>
</testsuite> <!-- keyPresses.KeyTests -->
